<?xml version="1.0" encoding="UTF-8" ?>
<testsuite errors="1" failures="0" hostname="IN02" name="aillament.BotigaTest" skipped="0" tests="1" time="0.101" timestamp="2020-01-22T14:54:58">
  <properties>
[...]
</properties>
  <testcase classname="aillament.BotigaTest" name="testCompraProducte" time="0.018">
    <error message="BD no disponible als tests !!" type="java.lang.UnsupportedOperationException">java.lang.UnsupportedOperationException: BD no disponible als tests !!
	at aillament.ProducteBD.getStockProducte(ProducteBD.java:10)
	at aillament.Botiga.compraProducte(Botiga.java:13)
	at aillament.BotigaTest.testCompraProducte(BotigaTest.java:25)
</error>
  </testcase>
  <system-out><![CDATA[]]></system-out>
  <system-err><![CDATA[]]></system-err>
</testsuite>
